2024-09-01 17:25:51 info: Congratulations, your extension "Embold" is now active!
2024-09-01 17:25:51 info: tempDirectory : /Users/madhawasumanarathna/.vscode/extensions/embold-vscode.embold-0.1.8/temp
2024-09-01 17:25:53 info: Extraction complete for source: /Users/madhawasumanarathna/.vscode/extensions/embold-vscode.embold-0.1.8/resources/embold-scanner-archive.zip, destination: /Users/madhawasumanarathna/.vscode/extensions/embold-vscode.embold-0.1.8/temp
2024-09-01 17:25:53 info: Extension installed on machine OS : darwin
2024-09-01 17:25:53 info: Fetched the issues from DB
2024-09-01 17:25:54 info: Java version installed on machine : 
openjdk version "17.0.6" 2023-01-17
OpenJDK Runtime Environment Temurin-17.0.6+10 (build 17.0.6+10)
OpenJDK 64-Bit Server VM Temurin-17.0.6+10 (build 17.0.6+10, mixed mode, sharing)

2024-09-01 17:25:54 info: Java installed on machine.
2024-09-01 17:25:55 info: Row(s) deleted
2024-09-01 17:26:04 info: Row(s) deleted
2024-09-01 17:26:05 info: Row(s) deleted
2024-09-01 17:26:20 info: Embold extension version response:{"hasSupport":false,"version":"0.1.6","changeNotes":"<div> <p>Release Date: 09 Oct, 2023 <br><span>Bug fixes and improvements.</span></p> </div>"}
2024-09-01 17:26:20 info: Current installed embold extension version : 0.1.8
2024-09-01 17:26:20 info: Latest embold extension version on marketplace : 0.1.6
2024-09-01 17:26:21 info: Row(s) deleted
2024-09-01 17:26:26 info: Row(s) deleted
2024-09-01 17:26:26 info: Row(s) deleted
2024-09-01 17:26:27 info: Row(s) deleted
2024-09-01 17:26:27 info: Row(s) deleted
2024-09-01 17:26:27 info: Row(s) deleted
2024-09-01 17:26:27 info: Row(s) deleted
2024-09-01 17:26:27 info: Row(s) deleted
2024-09-01 17:26:28 info: Row(s) deleted
2024-09-01 17:26:28 info: Row(s) deleted
2024-09-01 17:26:28 info: Row(s) deleted
2024-09-01 17:26:29 info: Row(s) deleted
2024-09-01 17:26:43 info: Row(s) deleted
2024-09-01 17:26:43 info: Row(s) deleted
2024-09-01 17:26:43 info: Row(s) deleted
2024-09-01 17:26:44 info: Row(s) deleted
2024-09-01 17:26:46 info: Row(s) deleted
2024-09-01 17:27:07 info: Row(s) deleted
2024-09-01 17:28:03 info: Row(s) deleted
2024-09-01 17:28:39 info: Row(s) deleted
2024-09-01 17:30:23 info: Row(s) deleted
